-------------------------------------------------------------------------------
Test set: com.example.demo.PlayersApplicationTests
-------------------------------------------------------------------------------
Tests run: 1, Failures: 0, Errors: 1, Skipped: 0, Time elapsed: 2.763 s <<< FAILURE! - in com.example.demo.PlayersApplicationTests
com.example.demo.PlayersApplicationTests  Time elapsed: 2.758 s  <<< ERROR!
java.lang.IllegalStateException: Unable to find a @SpringBootConfiguration, you need to use @ContextConfiguration or @SpringBootTest(classes=...) with your test

