-------------------------------------------------------------------------------
Test set: com.example.demo.SpringcrudsqlApplicationTests
-------------------------------------------------------------------------------
Tests run: 1, Failures: 0, Errors: 1, Skipped: 0, Time elapsed: 1.762 s <<< FAILURE! - in com.example.demo.SpringcrudsqlApplicationTests
com.example.demo.SpringcrudsqlApplicationTests  Time elapsed: 1.758 s  <<< ERROR!
java.lang.IllegalStateException: Unable to find a @SpringBootConfiguration, you need to use @ContextConfiguration or @SpringBootTest(classes=...) with your test

